[ 2022/6/6 15:15:49 ] [ log ] -------------------------------------swaggerSyncUtils constructor-----------------------------------------------
[ 2022/6/6 15:15:55 ] [ log ] 服务已启动，请打开下面链接访问: 
http://127.0.0.1:3000/
[ 2022/6/6 15:15:55 ] [ log ] mongodb load success...
[ 2022/6/6 15:17:18 ] [ log ] -------------------------------------swaggerSyncUtils constructor-----------------------------------------------
[ 2022/6/6 15:17:19 ] [ log ] 服务已启动，请打开下面链接访问: 
http://127.0.0.1:3000/
[ 2022/6/6 15:17:19 ] [ log ] mongodb load success...
[ 2022/6/6 17:56:29 ] [ error ] send mail  error,Invalid login: 535 Login Fail. Please enter your authorization code to login. More information in http://service.mail.qq.com/cgi-bin/help?subtype=1&&id=28&&no=1001256
[ 2022/6/6 17:56:31 ] [ error ] send mail  error,Invalid login: 535 Login Fail. Please enter your authorization code to login. More information in http://service.mail.qq.com/cgi-bin/help?subtype=1&&id=28&&no=1001256
[ 2022/6/6 18:02:15 ] [ error ] send mail  error,Invalid login: 535 Login Fail. Please enter your authorization code to login. More information in http://service.mail.qq.com/cgi-bin/help?subtype=1&&id=28&&no=1001256
[ 2022/6/7 10:08:51 ] [ log ] -------------------------------------swaggerSyncUtils constructor-----------------------------------------------
[ 2022/6/7 10:08:58 ] [ log ] 服务已启动，请打开下面链接访问: 
http://127.0.0.1:3000/
[ 2022/6/7 10:08:58 ] [ log ] mongodb load success...
[ 2022/6/7 12:06:55 ] [ log ] -------------------------------------swaggerSyncUtils constructor-----------------------------------------------
[ 2022/6/7 12:07:01 ] [ log ] 服务已启动，请打开下面链接访问: 
http://127.0.0.1:3000/
[ 2022/6/7 12:07:01 ] [ log ] mongodb load success...
[ 2022/6/7 12:28:44 ] [ error ] send mail  error,Invalid login: 535 Login Fail. Please enter your authorization code to login. More information in http://service.mail.qq.com/cgi-bin/help?subtype=1&&id=28&&no=1001256
[ 2022/6/7 12:30:39 ] [ error ] send mail  error,Invalid login: 535 Login Fail. Please enter your authorization code to login. More information in http://service.mail.qq.com/cgi-bin/help?subtype=1&&id=28&&no=1001256
[ 2022/6/7 12:31:14 ] [ error ] send mail  error,Invalid login: 535 Login Fail. Please enter your authorization code to login. More information in http://service.mail.qq.com/cgi-bin/help?subtype=1&&id=28&&no=1001256
[ 2022/6/7 12:31:38 ] [ error ] send mail  error,Invalid login: 535 Login Fail. Please enter your authorization code to login. More information in http://service.mail.qq.com/cgi-bin/help?subtype=1&&id=28&&no=1001256
[ 2022/6/7 12:31:52 ] [ error ] send mail  error,Invalid login: 535 Login Fail. Please enter your authorization code to login. More information in http://service.mail.qq.com/cgi-bin/help?subtype=1&&id=28&&no=1001256
[ 2022/6/7 12:33:53 ] [ error ] send mail  error,Invalid login: 535 Login Fail. Please enter your authorization code to login. More information in http://service.mail.qq.com/cgi-bin/help?subtype=1&&id=28&&no=1001256
[ 2022/6/7 12:34:55 ] [ error ] send mail  error,Invalid login: 535 Login Fail. Please enter your authorization code to login. More information in http://service.mail.qq.com/cgi-bin/help?subtype=1&&id=28&&no=1001256
[ 2022/6/7 12:35:08 ] [ error ] send mail  error,Invalid login: 535 Login Fail. Please enter your authorization code to login. More information in http://service.mail.qq.com/cgi-bin/help?subtype=1&&id=28&&no=1001256
[ 2022/6/7 13:44:43 ] [ error ] send mail  error,Invalid login: 535 Login Fail. Please enter your authorization code to login. More information in http://service.mail.qq.com/cgi-bin/help?subtype=1&&id=28&&no=1001256
[ 2022/6/7 13:44:47 ] [ error ] send mail  error,Invalid login: 535 Login Fail. Please enter your authorization code to login. More information in http://service.mail.qq.com/cgi-bin/help?subtype=1&&id=28&&no=1001256
[ 2022/6/7 13:46:24 ] [ error ] send mail  error,Invalid login: 535 Login Fail. Please enter your authorization code to login. More information in http://service.mail.qq.com/cgi-bin/help?subtype=1&&id=28&&no=1001256
[ 2022/6/7 13:48:16 ] [ error ] send mail  error,Invalid login: 535 Login Fail. Please enter your authorization code to login. More information in http://service.mail.qq.com/cgi-bin/help?subtype=1&&id=28&&no=1001256
[ 2022/6/7 13:48:33 ] [ error ] send mail  error,Invalid login: 535 Login Fail. Please enter your authorization code to login. More information in http://service.mail.qq.com/cgi-bin/help?subtype=1&&id=28&&no=1001256
[ 2022/6/7 13:48:42 ] [ error ] send mail  error,Invalid login: 535 Login Fail. Please enter your authorization code to login. More information in http://service.mail.qq.com/cgi-bin/help?subtype=1&&id=28&&no=1001256
[ 2022/6/7 13:48:56 ] [ error ] send mail  error,Invalid login: 535 Login Fail. Please enter your authorization code to login. More information in http://service.mail.qq.com/cgi-bin/help?subtype=1&&id=28&&no=1001256
[ 2022/6/7 13:49:13 ] [ error ] send mail  error,Invalid login: 535 Login Fail. Please enter your authorization code to login. More information in http://service.mail.qq.com/cgi-bin/help?subtype=1&&id=28&&no=1001256
[ 2022/6/7 15:44:57 ] [ error ] send mail  error,Invalid login: 535 Login Fail. Please enter your authorization code to login. More information in http://service.mail.qq.com/cgi-bin/help?subtype=1&&id=28&&no=1001256
[ 2022/6/7 15:52:30 ] [ error ] send mail  error,Invalid login: 535 Login Fail. Please enter your authorization code to login. More information in http://service.mail.qq.com/cgi-bin/help?subtype=1&&id=28&&no=1001256
[ 2022/6/7 15:53:35 ] [ error ] send mail  error,Invalid login: 535 Login Fail. Please enter your authorization code to login. More information in http://service.mail.qq.com/cgi-bin/help?subtype=1&&id=28&&no=1001256
[ 2022/6/7 15:53:53 ] [ error ] send mail  error,Invalid login: 535 Login Fail. Please enter your authorization code to login. More information in http://service.mail.qq.com/cgi-bin/help?subtype=1&&id=28&&no=1001256
[ 2022/6/7 15:53:57 ] [ error ] send mail  error,Invalid login: 535 Login Fail. Please enter your authorization code to login. More information in http://service.mail.qq.com/cgi-bin/help?subtype=1&&id=28&&no=1001256
[ 2022/6/7 15:54:34 ] [ error ] send mail  error,Invalid login: 535 Login Fail. Please enter your authorization code to login. More information in http://service.mail.qq.com/cgi-bin/help?subtype=1&&id=28&&no=1001256
[ 2022/6/7 15:54:45 ] [ error ] send mail  error,Invalid login: 535 Login Fail. Please enter your authorization code to login. More information in http://service.mail.qq.com/cgi-bin/help?subtype=1&&id=28&&no=1001256
[ 2022/6/7 15:56:20 ] [ error ] send mail  error,Invalid login: 535 Login Fail. Please enter your authorization code to login. More information in http://service.mail.qq.com/cgi-bin/help?subtype=1&&id=28&&no=1001256
[ 2022/6/7 15:59:25 ] [ error ] send mail  error,Invalid login: 535 Login Fail. Please enter your authorization code to login. More information in http://service.mail.qq.com/cgi-bin/help?subtype=1&&id=28&&no=1001256
[ 2022/6/7 15:59:46 ] [ error ] send mail  error,Invalid login: 535 Login Fail. Please enter your authorization code to login. More information in http://service.mail.qq.com/cgi-bin/help?subtype=1&&id=28&&no=1001256
[ 2022/6/7 15:59:59 ] [ error ] send mail  error,Invalid login: 535 Login Fail. Please enter your authorization code to login. More information in http://service.mail.qq.com/cgi-bin/help?subtype=1&&id=28&&no=1001256
[ 2022/6/7 16:51:52 ] [ error ] send mail  error,Invalid login: 535 Login Fail. Please enter your authorization code to login. More information in http://service.mail.qq.com/cgi-bin/help?subtype=1&&id=28&&no=1001256
[ 2022/6/7 17:59:03 ] [ error ] send mail  error,Invalid login: 535 Login Fail. Please enter your authorization code to login. More information in http://service.mail.qq.com/cgi-bin/help?subtype=1&&id=28&&no=1001256
[ 2022/6/8 09:52:11 ] [ log ] -------------------------------------swaggerSyncUtils constructor-----------------------------------------------
[ 2022/6/8 09:52:17 ] [ log ] 服务已启动，请打开下面链接访问: 
http://127.0.0.1:3000/
[ 2022/6/8 09:52:17 ] [ log ] mongodb load success...
[ 2022/6/8 10:14:36 ] [ log ] -------------------------------------swaggerSyncUtils constructor-----------------------------------------------
[ 2022/6/8 10:14:39 ] [ log ] 服务已启动，请打开下面链接访问: 
http://127.0.0.1:3000/
[ 2022/6/8 10:14:39 ] [ log ] mongodb load success...
[ 2022/6/8 10:25:13 ] [ error ] send mail  error,Invalid login: 535 Login Fail. Please enter your authorization code to login. More information in http://service.mail.qq.com/cgi-bin/help?subtype=1&&id=28&&no=1001256
[ 2022/6/8 10:57:15 ] [ error ] send mail  error,Invalid login: 535 Login Fail. Please enter your authorization code to login. More information in http://service.mail.qq.com/cgi-bin/help?subtype=1&&id=28&&no=1001256
[ 2022/6/8 10:57:41 ] [ error ] send mail  error,Invalid login: 535 Login Fail. Please enter your authorization code to login. More information in http://service.mail.qq.com/cgi-bin/help?subtype=1&&id=28&&no=1001256
[ 2022/6/8 10:59:11 ] [ error ] send mail  error,Invalid login: 535 Login Fail. Please enter your authorization code to login. More information in http://service.mail.qq.com/cgi-bin/help?subtype=1&&id=28&&no=1001256
[ 2022/6/8 11:21:15 ] [ error ] send mail  error,Invalid login: 535 Login Fail. Please enter your authorization code to login. More information in http://service.mail.qq.com/cgi-bin/help?subtype=1&&id=28&&no=1001256
[ 2022/6/8 11:27:43 ] [ error ] send mail  error,Invalid login: 535 Login Fail. Please enter your authorization code to login. More information in http://service.mail.qq.com/cgi-bin/help?subtype=1&&id=28&&no=1001256
[ 2022/6/8 12:32:28 ] [ error ] send mail  error,Invalid login: 535 Login Fail. Please enter your authorization code to login. More information in http://service.mail.qq.com/cgi-bin/help?subtype=1&&id=28&&no=1001256
[ 2022/6/8 12:33:55 ] [ error ] send mail  error,Invalid login: 535 Login Fail. Please enter your authorization code to login. More information in http://service.mail.qq.com/cgi-bin/help?subtype=1&&id=28&&no=1001256
[ 2022/6/8 14:59:23 ] [ error ] send mail  error,Invalid login: 535 Login Fail. Please enter your authorization code to login. More information in http://service.mail.qq.com/cgi-bin/help?subtype=1&&id=28&&no=1001256
[ 2022/6/8 14:59:36 ] [ error ] send mail  error,Invalid login: 535 Login Fail. Please enter your authorization code to login. More information in http://service.mail.qq.com/cgi-bin/help?subtype=1&&id=28&&no=1001256
[ 2022/6/8 15:02:03 ] [ error ] send mail  error,Invalid login: 535 Login Fail. Please enter your authorization code to login. More information in http://service.mail.qq.com/cgi-bin/help?subtype=1&&id=28&&no=1001256
[ 2022/6/8 15:02:11 ] [ error ] send mail  error,Invalid login: 535 Login Fail. Please enter your authorization code to login. More information in http://service.mail.qq.com/cgi-bin/help?subtype=1&&id=28&&no=1001256
[ 2022/6/8 15:43:12 ] [ error ] send mail  error,Invalid login: 535 Login Fail. Please enter your authorization code to login. More information in http://service.mail.qq.com/cgi-bin/help?subtype=1&&id=28&&no=1001256
[ 2022/6/8 15:43:28 ] [ error ] send mail  error,Invalid login: 535 Login Fail. Please enter your authorization code to login. More information in http://service.mail.qq.com/cgi-bin/help?subtype=1&&id=28&&no=1001256
[ 2022/6/8 15:43:36 ] [ error ] send mail  error,Invalid login: 535 Login Fail. Please enter your authorization code to login. More information in http://service.mail.qq.com/cgi-bin/help?subtype=1&&id=28&&no=1001256
[ 2022/6/8 15:43:49 ] [ error ] send mail  error,Invalid login: 535 Login Fail. Please enter your authorization code to login. More information in http://service.mail.qq.com/cgi-bin/help?subtype=1&&id=28&&no=1001256
[ 2022/6/8 15:44:11 ] [ error ] send mail  error,Invalid login: 535 Login Fail. Please enter your authorization code to login. More information in http://service.mail.qq.com/cgi-bin/help?subtype=1&&id=28&&no=1001256
[ 2022/6/8 16:11:44 ] [ error ] send mail  error,Invalid login: 535 Login Fail. Please enter your authorization code to login. More information in http://service.mail.qq.com/cgi-bin/help?subtype=1&&id=28&&no=1001256
[ 2022/6/8 16:11:47 ] [ error ] send mail  error,Invalid login: 535 Login Fail. Please enter your authorization code to login. More information in http://service.mail.qq.com/cgi-bin/help?subtype=1&&id=28&&no=1001256
[ 2022/6/8 16:29:12 ] [ error ] send mail  error,Invalid login: 535 Login Fail. Please enter your authorization code to login. More information in http://service.mail.qq.com/cgi-bin/help?subtype=1&&id=28&&no=1001256
[ 2022/6/8 16:40:34 ] [ error ] send mail  error,Invalid login: 535 Login Fail. Please enter your authorization code to login. More information in http://service.mail.qq.com/cgi-bin/help?subtype=1&&id=28&&no=1001256
